<?xml version="1.0" encoding="UTF-8"?>
<!-- Generated by org.testng.reporters.JUnitXMLReporter -->
<testsuite hostname="DESKTOP-B2220QC" ignored="0" name="Default test" tests="2" failures="0" timestamp="2021-11-25T07:38:08 IST" time="0.294" errors="0">
  <testcase name="@BeforeTest launchBrowser" time="-1.637806088573E9" classname="testClasses.ToVerifyHomePageHeader">
    <failure type="org.testng.TestNGException" message="
Parameter &amp;apos;browser&amp;apos; is required by BeforeTest on method launchBrowser but has not been marked @Optional or defined
in C:\Users\Akash\AppData\Local\Temp\testng-eclipse-65296247\testng-customsuite.xml">
      <![CDATA[org.testng.TestNGException: 
Parameter 'browser' is required by BeforeTest on method launchBrowser but has not been marked @Optional or defined
in C:\Users\Akash\AppData\Local\Temp\testng-eclipse-65296247\testng-customsuite.xml
at org.testng.internal.Parameters.createParams(Parameters.java:268)
at org.testng.internal.Parameters.createParametersForMethod(Parameters.java:356)
at org.testng.internal.Parameters.createParameters(Parameters.java:700)
at org.testng.internal.Parameters.createConfigurationParameters(Parameters.java:166)
at org.testng.internal.ConfigInvoker.invokeConfigurations(ConfigInvoker.java:301)
at org.testng.TestRunner.invokeTestConfigurations(TestRunner.java:617)
at org.testng.TestRunner.beforeRun(TestRunner.java:607)
at org.testng.TestRunner.run(TestRunner.java:578)
at org.testng.SuiteRunner.runTest(SuiteRunner.java:384)
at org.testng.SuiteRunner.runSequentially(SuiteRunner.java:378)
at org.testng.SuiteRunner.privateRun(SuiteRunner.java:337)
at org.testng.SuiteRunner.run(SuiteRunner.java:286)
at org.testng.SuiteRunnerWorker.runSuite(SuiteRunnerWorker.java:53)
at org.testng.SuiteRunnerWorker.run(SuiteRunnerWorker.java:96)
at org.testng.TestNG.runSuitesSequentially(TestNG.java:1218)
at org.testng.TestNG.runSuitesLocally(TestNG.java:1140)
at org.testng.TestNG.runSuites(TestNG.java:1069)
at org.testng.TestNG.run(TestNG.java:1037)
at org.testng.remote.AbstractRemoteTestNG.run(AbstractRemoteTestNG.java:115)
at org.testng.remote.RemoteTestNG.initAndRun(RemoteTestNG.java:251)
at org.testng.remote.RemoteTestNG.main(RemoteTestNG.java:77)
]]>
    </failure>
  </testcase> <!-- @BeforeTest launchBrowser -->
  <testcase name="@BeforeClass lauchApplication" time="-1.637806088672E9" classname="testClasses.ToVerifyHomePageHeader">
    <skipped/>
  </testcase> <!-- @BeforeClass lauchApplication -->
  <testcase name="@BeforeMethod loginToActitime" time="-1.637806088753E9" classname="testClasses.ToVerifyHomePageHeader">
    <skipped/>
  </testcase> <!-- @BeforeMethod loginToActitime -->
  <testcase name="@AfterMethod loOutFromActitime" time="-1.637806088775E9" classname="testClasses.ToVerifyHomePageHeader">
    <skipped/>
  </testcase> <!-- @AfterMethod loOutFromActitime -->
  <testcase name="@BeforeMethod loginToActitime" time="-1.637806088785E9" classname="testClasses.ToVerifyHomePageHeader">
    <skipped/>
  </testcase> <!-- @BeforeMethod loginToActitime -->
  <testcase name="@AfterMethod loOutFromActitime" time="-1.637806088825E9" classname="testClasses.ToVerifyHomePageHeader">
    <skipped/>
  </testcase> <!-- @AfterMethod loOutFromActitime -->
  <testcase name="@AfterClass cleanObjects" time="-1.637806088839E9" classname="testClasses.ToVerifyHomePageHeader">
    <skipped/>
  </testcase> <!-- @AfterClass cleanObjects -->
  <testcase name="@AfterTest cosedBrowser" time="-1.637806088848E9" classname="testClasses.ToVerifyHomePageHeader">
    <skipped/>
  </testcase> <!-- @AfterTest cosedBrowser -->
  <testcase name="verifyReportButton" time="0.001" classname="testClasses.ToVerifyHomePageHeader">
    <skipped/>
  </testcase> <!-- verifyReportButton -->
  <testcase name="verifyTaskButton" time="0.0" classname="testClasses.ToVerifyHomePageHeader">
    <skipped/>
  </testcase> <!-- verifyTaskButton -->
</testsuite> <!-- Default test -->
